\BOOKMARK [0][-]{chapter.1}{\376\377\000V\000a\000l\000l\000e\000y\000H\000a\000l\000l}{}% 1
\BOOKMARK [1][-]{section.1.1}{\376\377\000B\000e\000r\000r\000y\000\040\000c\000u\000r\000v\000a\000t\000u\000r\000e\000\040\000i\000n\000\040\000G\000a\000p\000p\000e\000d\000\040\000g\000r\000a\000p\000h\000e\000n\000e}{chapter.1}% 2
\BOOKMARK [1][-]{section.1.2}{\376\377\000V\000a\000l\000l\000e\000y\000-\000H\000a\000l\000l\000\040\000e\000f\000f\000e\000c\000t}{chapter.1}% 3
\BOOKMARK [1][-]{section.1.3}{\376\377\000N\000o\000n\000-\000l\000o\000c\000a\000l\000\040\000C\000h\000a\000r\000g\000e\000\040\000t\000r\000a\000n\000s\000p\000o\000r\000t}{chapter.1}% 4
\BOOKMARK [1][-]{section.1.4}{\376\377\000T\000h\000e\000o\000r\000y\000\040\000o\000f\000\040\000n\000o\000n\000\040\000l\000o\000c\000a\000l\000\040\000c\000h\000a\000r\000g\000e\000\040\000t\000r\000a\000n\000s\000p\000o\000r\000t}{chapter.1}% 5
\BOOKMARK [2][-]{subsection.1.4.1}{\376\377\000R\000e\000-\000w\000r\000i\000t\000i\000n\000g\000\040\000t\000h\000e\000\040\000e\000q\000u\000a\000t\000i\000o\000n\000s\000\040\000i\000n\000\040\000t\000e\000r\000m\000s\000\040\000o\000f\000\040\000c\000h\000a\000r\000g\000e\000\040\000c\000u\000r\000r\000e\000n\000t\000\040\000a\000n\000d\000\040\000v\000a\000l\000l\000e\000y\000\040\000c\000u\000r\000r\000e\000n\000t}{section.1.4}% 6
\BOOKMARK [2][-]{subsection.1.4.2}{\376\377\000L\000a\000p\000l\000a\000c\000e\000\040\000e\000q\000u\000a\000t\000i\000o\000n}{section.1.4}% 7
\BOOKMARK [0][-]{chapter.2}{\376\377\000S\000t\000u\000d\000y\000\040\000o\000f\000\040\000R\000N\000L}{}% 8
\BOOKMARK [1][-]{section.2.1}{\376\377\000S\000t\000u\000d\000y\000\040\000o\000f\000\040\000R\000N\000L\000\050\000x\000\051}{chapter.2}% 9
\BOOKMARK [2][-]{subsection.2.1.1}{\376\377\000S\000m\000a\000l\000l\000\040\000k}{section.2.1}% 10
\BOOKMARK [2][-]{subsection.2.1.2}{\376\377\000B\000i\000g\000\040\000k}{section.2.1}% 11
\BOOKMARK [2][-]{subsection.2.1.3}{\376\377\000T\000e\000s\000t\000i\000n\000g\000\040\000t\000h\000e\000\040\000a\000p\000p\000r\000o\000x\000i\000m\000a\000t\000i\000o\000n\000s}{section.2.1}% 12
\BOOKMARK [2][-]{subsection.2.1.4}{\376\377\000I\000m\000p\000r\000o\000v\000i\000n\000g\000\040\000t\000h\000e\000\040\000a\000p\000p\000r\000o\000x\000i\000m\000a\000t\000i\000o\000n}{section.2.1}% 13
\BOOKMARK [1][-]{section.2.2}{\376\377\000R\000N\000L\000\050\000x\000\051\000\040\000a\000s\000\040\000w\000e\000\040\000c\000h\000a\000n\000g\000e\000\040}{chapter.2}% 14
\BOOKMARK [2][-]{subsection.2.2.1}{\376\377\000L\000o\000w\000\040\000r\000e\000s\000i\000s\000t\000i\000v\000i\000t\000i\000e\000s\000\040\0000}{section.2.2}% 15
\BOOKMARK [2][-]{subsection.2.2.2}{\376\377\000B\000i\000g\000\040\000r\000e\000s\000i\000s\000t\000i\000v\000i\000t\000i\000e\000s\000\040}{section.2.2}% 16
\BOOKMARK [2][-]{subsection.2.2.3}{\376\377\000P\000u\000t\000t\000i\000n\000g\000\040\000i\000t\000\040\000a\000l\000l\000\040\000t\000o\000g\000e\000t\000h\000e\000r}{section.2.2}% 17
\BOOKMARK [2][-]{subsection.2.2.4}{\376\377\000A\000l\000t\000e\000r\000t\000a\000t\000i\000v\000e\000\040\000w\000a\000y\000\040\000o\000f\000\040\000s\000t\000u\000d\000y\000i\000n\000g\000\040\000R\000N\000L\000\050\000x\000\051\000\040\000a\000s\000\040\000w\000e\000\040\000c\000h\000a\000n\000g\000e\000\040}{section.2.2}% 18
\BOOKMARK [1][-]{section.2.3}{\376\377\000C\000o\000m\000p\000a\000r\000i\000s\000o\000n\000\040\000w\000i\000t\000h\000\040\000e\000x\000p\000e\000r\000i\000m\000e\000n\000t\000a\000l\000\040\000d\000a\000t\000a}{chapter.2}% 19
\BOOKMARK [0][-]{chapter.3}{\376\377\000B\000e\000r\000r\000y\000\040\000p\000h\000a\000s\000e\000\040\000a\000n\000d\000\040\000B\000e\000r\000r\000y\000\040\000c\000u\000r\000v\000a\000t\000u\000r\000e}{}% 20
\BOOKMARK [1][-]{section.3.1}{\376\377\000I\000n\000t\000r\000o\000d\000u\000c\000t\000i\000o\000n}{chapter.3}% 21
\BOOKMARK [1][-]{section.3.2}{\376\377\000B\000e\000r\000r\000y\000\040\000c\000u\000r\000v\000a\000t\000u\000r\000e}{chapter.3}% 22
\BOOKMARK [2][-]{subsection.3.2.1}{\376\377\000O\000t\000h\000e\000r\000\040\000f\000o\000r\000m\000u\000l\000a\000s\000\040\000f\000o\000r\000\040}{section.3.2}% 23
\BOOKMARK [1][-]{section.3.3}{\376\377\000S\000t\000o\000k\000e\000s\000'\000\040\000T\000h\000e\000o\000r\000e\000m}{chapter.3}% 24
\BOOKMARK [1][-]{section.3.4}{\376\377\000C\000h\000e\000r\000n\000\040\000T\000h\000e\000o\000r\000e\000m}{chapter.3}% 25
